Change Component Comment : Designator=C25 Old Comment=0,1לך New Comment=0.1uF
Change Component Comment : Designator=C29 Old Comment=0,1לך New Comment=0.1uF
Change Component Comment : Designator=C12 Old Comment=0,22לך New Comment=0,22uF
Change Component Comment : Designator=C14 Old Comment=0,22לך New Comment=0,22uF
Change Component Comment : Designator=C16 Old Comment=0,22לך New Comment=0,22uF
Change Component Comment : Designator=C19 Old Comment=0,22לך New Comment=0,22uF
Change Component Comment : Designator=C24 Old Comment=0,22לך New Comment=0,22uF
Change Component Comment : Designator=C26 Old Comment=10לk New Comment=10uF
Change Component Comment : Designator=C27 Old Comment=10לk New Comment=10uF
Change Component Comment : Designator=C13 Old Comment=10לך 16 New Comment=10uF 16
Change Component Comment : Designator=C15 Old Comment=10לך 16 New Comment=10uF 16
Change Component Comment : Designator=C18 Old Comment=10לך 16 New Comment=10uF 16
Change Component Comment : Designator=C40 Old Comment=10לך 16 New Comment=10uF 16
Change Component Comment : Designator=C44 Old Comment=10לך 16 New Comment=10uF 16
Change Component Comment : Designator=C22 Old Comment=10לך New Comment=10uF
Change Component Comment : Designator=C1 Old Comment=200ן New Comment=200pF
Change Component Comment : Designator=C2 Old Comment=200ן New Comment=200pF
Change Component Comment : Designator=C3 Old Comment=200ן New Comment=200pF
Change Component Comment : Designator=C4 Old Comment=200ן New Comment=200pF
Change Component Comment : Designator=C5 Old Comment=200ן New Comment=200pF
Change Component Comment : Designator=C6 Old Comment=200ן New Comment=200pF
Change Component Comment : Designator=C7 Old Comment=200ן New Comment=200pF
Change Component Comment : Designator=C8 Old Comment=200ן New Comment=200pF
Change Component Comment : Designator=C45 Old Comment=200ן New Comment=200pF
Change Component Comment : Designator=C46 Old Comment=200ן New Comment=200pF
